<?xml version="1.0" encoding="UTF-8"?>
<!-- Generated by org.testng.reporters.JUnitReportReporter -->
<testsuite hostname="SATISH" failures="0" tests="54" name="runner.TestRunner" time="76.727" errors="0" timestamp="2023-02-08T21:50:32 CST" skipped="0">
  <testcase classname="runner.TestRunner" name="runScenario" time="1.309"/>
  <system-out/>
  <testcase classname="runner.TestRunner" name="runScenario" time="1.844"/>
  <system-out/>
  <testcase classname="runner.TestRunner" name="runScenario" time="2.295"/>
  <system-out/>
  <testcase classname="runner.TestRunner" name="runScenario" time="3.774"/>
  <system-out/>
  <testcase classname="runner.TestRunner" name="runScenario" time="2.356"/>
  <system-out/>
  <testcase classname="runner.TestRunner" name="runScenario" time="0.571"/>
  <system-out/>
  <testcase classname="runner.TestRunner" name="runScenario" time="0.387"/>
  <system-out/>
  <testcase classname="runner.TestRunner" name="runScenario" time="0.520"/>
  <system-out/>
  <testcase classname="runner.TestRunner" name="runScenario" time="1.341"/>
  <system-out/>
  <testcase classname="runner.TestRunner" name="runScenario" time="0.437"/>
  <system-out/>
  <testcase classname="runner.TestRunner" name="runScenario" time="2.333"/>
  <system-out/>
  <testcase classname="runner.TestRunner" name="runScenario" time="0.268"/>
  <system-out/>
  <testcase classname="runner.TestRunner" name="runScenario" time="2.326"/>
  <system-out/>
  <testcase classname="runner.TestRunner" name="runScenario" time="2.346"/>
  <system-out/>
  <testcase classname="runner.TestRunner" name="runScenario" time="2.305"/>
  <system-out/>
  <testcase classname="runner.TestRunner" name="runScenario" time="0.330"/>
  <system-out/>
  <testcase classname="runner.TestRunner" name="runScenario" time="0.420"/>
  <system-out/>
  <testcase classname="runner.TestRunner" name="runScenario" time="0.316"/>
  <system-out/>
  <testcase classname="runner.TestRunner" name="runScenario" time="1.626"/>
  <system-out/>
  <testcase classname="runner.TestRunner" name="runScenario" time="1.565"/>
  <system-out/>
  <testcase classname="runner.TestRunner" name="runScenario" time="1.463"/>
  <system-out/>
  <testcase classname="runner.TestRunner" name="runScenario" time="0.766"/>
  <system-out/>
  <testcase classname="runner.TestRunner" name="runScenario" time="1.498"/>
  <system-out/>
  <testcase classname="runner.TestRunner" name="runScenario" time="1.596"/>
  <system-out/>
  <testcase classname="runner.TestRunner" name="runScenario" time="1.495"/>
  <system-out/>
  <testcase classname="runner.TestRunner" name="runScenario" time="0.494"/>
  <system-out/>
  <testcase classname="runner.TestRunner" name="runScenario" time="2.366"/>
  <system-out/>
  <testcase classname="runner.TestRunner" name="runScenario" time="2.356"/>
  <system-out/>
  <testcase classname="runner.TestRunner" name="runScenario" time="0.192"/>
  <system-out/>
  <testcase classname="runner.TestRunner" name="runScenario" time="1.504"/>
  <system-out/>
  <testcase classname="runner.TestRunner" name="runScenario" time="1.735"/>
  <system-out/>
  <testcase classname="runner.TestRunner" name="runScenario" time="0.497"/>
  <system-out/>
  <testcase classname="runner.TestRunner" name="runScenario" time="0.192"/>
  <system-out/>
  <testcase classname="runner.TestRunner" name="runScenario" time="0.486"/>
  <system-out/>
  <testcase classname="runner.TestRunner" name="runScenario" time="0.412"/>
  <system-out/>
  <testcase classname="runner.TestRunner" name="runScenario" time="4.710"/>
  <system-out/>
  <testcase classname="runner.TestRunner" name="runScenario" time="2.287"/>
  <system-out/>
  <testcase classname="runner.TestRunner" name="runScenario" time="0.359"/>
  <system-out/>
  <testcase classname="runner.TestRunner" name="runScenario" time="1.383"/>
  <system-out/>
  <testcase classname="runner.TestRunner" name="runScenario" time="1.407"/>
  <system-out/>
  <testcase classname="runner.TestRunner" name="runScenario" time="1.680"/>
  <system-out/>
  <testcase classname="runner.TestRunner" name="runScenario" time="2.355"/>
  <system-out/>
  <testcase classname="runner.TestRunner" name="runScenario" time="0.487"/>
  <system-out/>
  <testcase classname="runner.TestRunner" name="runScenario" time="0.504"/>
  <system-out/>
  <testcase classname="runner.TestRunner" name="runScenario" time="2.321"/>
  <system-out/>
  <testcase classname="runner.TestRunner" name="runScenario" time="2.296"/>
  <system-out/>
  <testcase classname="runner.TestRunner" name="runScenario" time="0.435"/>
  <system-out/>
  <testcase classname="runner.TestRunner" name="runScenario" time="1.412"/>
  <system-out/>
  <testcase classname="runner.TestRunner" name="runScenario" time="2.419"/>
  <system-out/>
  <testcase classname="runner.TestRunner" name="runScenario" time="0.458"/>
  <system-out/>
  <testcase classname="runner.TestRunner" name="runScenario" time="2.415"/>
  <system-out/>
  <testcase classname="runner.TestRunner" name="runScenario" time="1.473"/>
  <system-out/>
  <testcase classname="runner.TestRunner" name="runScenario" time="0.271"/>
  <system-out/>
  <testcase classname="runner.TestRunner" name="runScenario" time="2.334"/>
  <system-out/>
</testsuite> <!-- runner.TestRunner -->
