<?xml version="1.0" encoding="UTF-8"?>
<!-- Generated by org.testng.reporters.JUnitReportReporter -->
<testsuite hostname="LAPTOP-15PUHGC3" failures="0" tests="24" name="runner.TestRunner" time="26.623" errors="0" timestamp="2023-02-05T19:03:46 PST" skipped="0">
  <testcase classname="runner.TestRunner" name="runScenario" time="0.936"/>
  <system-out/>
  <testcase classname="runner.TestRunner" name="runScenario" time="3.289"/>
  <system-out/>
  <testcase classname="runner.TestRunner" name="runScenario" time="0.676"/>
  <system-out/>
  <testcase classname="runner.TestRunner" name="runScenario" time="0.372"/>
  <system-out/>
  <testcase classname="runner.TestRunner" name="runScenario" time="0.835"/>
  <system-out/>
  <testcase classname="runner.TestRunner" name="runScenario" time="0.768"/>
  <system-out/>
  <testcase classname="runner.TestRunner" name="runScenario" time="0.756"/>
  <system-out/>
  <testcase classname="runner.TestRunner" name="runScenario" time="0.519"/>
  <system-out/>
  <testcase classname="runner.TestRunner" name="runScenario" time="0.930"/>
  <system-out/>
  <testcase classname="runner.TestRunner" name="runScenario" time="0.906"/>
  <system-out/>
  <testcase classname="runner.TestRunner" name="runScenario" time="0.962"/>
  <system-out/>
  <testcase classname="runner.TestRunner" name="runScenario" time="1.152"/>
  <system-out/>
  <testcase classname="runner.TestRunner" name="runScenario" time="0.915"/>
  <system-out/>
  <testcase classname="runner.TestRunner" name="runScenario" time="0.499"/>
  <system-out/>
  <testcase classname="runner.TestRunner" name="runScenario" time="0.805"/>
  <system-out/>
  <testcase classname="runner.TestRunner" name="runScenario" time="0.728"/>
  <system-out/>
  <testcase classname="runner.TestRunner" name="runScenario" time="0.401"/>
  <system-out/>
  <testcase classname="runner.TestRunner" name="runScenario" time="1.601"/>
  <system-out/>
  <testcase classname="runner.TestRunner" name="runScenario" time="0.856"/>
  <system-out/>
  <testcase classname="runner.TestRunner" name="runScenario" time="0.831"/>
  <system-out/>
  <testcase classname="runner.TestRunner" name="runScenario" time="0.968"/>
  <system-out/>
  <testcase classname="runner.TestRunner" name="runScenario" time="0.732"/>
  <system-out/>
  <testcase classname="runner.TestRunner" name="runScenario" time="0.840"/>
  <system-out/>
  <testcase classname="runner.TestRunner" name="runScenario" time="5.346"/>
  <system-out/>
</testsuite> <!-- runner.TestRunner -->
